[09-Aug-2013 22:54:06 Europe/Warsaw] PHP Fatal error:  Uncaught exception 'Zend_View_Exception' with message 'script 'default/default.phtml' not found in path (/Users/Dominik/www/domi-net/website/views/layouts/:/Users/Dominik/www/domi-net/website/views/scripts/)' in /Users/Dominik/www/domi-net/pimcore/lib/Zend/View/Abstract.php:988
Stack trace:
#0 /Users/Dominik/www/domi-net/pimcore/lib/Zend/View/Abstract.php(884): Zend_View_Abstract->_script('default/default...')
#1 /Users/Dominik/www/domi-net/pimcore/lib/Zend/Controller/Action/Helper/ViewRenderer.php(900): Zend_View_Abstract->render('default/default...')
#2 /Users/Dominik/www/domi-net/pimcore/lib/Zend/Controller/Action/Helper/ViewRenderer.php(921): Zend_Controller_Action_Helper_ViewRenderer->renderScript('default/default...', NULL)
#3 /Users/Dominik/www/domi-net/pimcore/lib/Zend/Controller/Action/Helper/ViewRenderer.php(960): Zend_Controller_Action_Helper_ViewRenderer->render()
#4 /Users/Dominik/www/domi-net/pimcore/lib/Pimcore/Controller/Action/Helper/ViewRenderer.php(36): Zend_Controller_Action_Helper_ViewRen in /Users/Dominik/www/domi-net/pimcore/lib/Zend/View/Abstract.php on line 988
[09-Aug-2013 23:02:11 Europe/Warsaw] PHP Notice:  No translation for the language 'en' available. in /Users/Dominik/www/domi-net/pimcore/lib/Zend/Translate/Adapter.php on line 456
[09-Aug-2013 23:02:11 Europe/Warsaw] PHP Stack trace:
[09-Aug-2013 23:02:11 Europe/Warsaw] PHP   1. {main}() /Users/Dominik/www/domi-net/index.php:0
[09-Aug-2013 23:02:11 Europe/Warsaw] PHP   2. Pimcore::run() /Users/Dominik/www/domi-net/index.php:18
[09-Aug-2013 23:02:11 Europe/Warsaw] PHP   3. Zend_Controller_Front->dispatch() /Users/Dominik/www/domi-net/pimcore/lib/Pimcore.php:247
[09-Aug-2013 23:02:11 Europe/Warsaw] PHP   4. Zend_Controller_Dispatcher_Standard->dispatch() /Users/Dominik/www/domi-net/pimcore/lib/Zend/Controller/Front.php:954
[09-Aug-2013 23:02:11 Europe/Warsaw] PHP   5. Zend_Controller_Action->dispatch() /Users/Dominik/www/domi-net/pimcore/lib/Zend/Controller/Dispatcher/Standard.php:308
[09-Aug-2013 23:02:11 Europe/Warsaw] PHP   6. Pimcore_Controller_Action_Frontend->preDispatch() /Users/Dominik/www/domi-net/pimcore/lib/Zend/Controller/Action.php:502
[09-Aug-2013 23:02:11 Europe/Warsaw] PHP   7. Pimcore_Controller_Action_Frontend->initTranslation() /Users/Dominik/www/domi-net/pimcore/lib/Pimcore/Controller/Action/Frontend.php:339
[09-Aug-2013 23:02:11 Europe/Warsaw] PHP   8. Pimcore_Translate->__construct() /Users/Dominik/www/domi-net/pimcore/lib/Pimcore/Controller/Action/Frontend.php:261
[09-Aug-2013 23:02:11 Europe/Warsaw] PHP   9. Zend_Translate_Adapter->__construct() /Users/Dominik/www/domi-net/pimcore/lib/Pimcore/Translate.php:46
[09-Aug-2013 23:02:11 Europe/Warsaw] PHP  10. Zend_Translate_Adapter->setLocale() /Users/Dominik/www/domi-net/pimcore/lib/Zend/Translate/Adapter.php:180
[09-Aug-2013 23:02:11 Europe/Warsaw] PHP  11. trigger_error() /Users/Dominik/www/domi-net/pimcore/lib/Zend/Translate/Adapter.php:456
[09-Aug-2013 23:03:05 Europe/Warsaw] PHP Fatal error:  Call to a member function getPath() on a non-object in /Users/Dominik/www/domi-net/pimcore/lib/Zend/Rest/Client.php on line 259
[09-Aug-2013 23:03:05 Europe/Warsaw] PHP Stack trace:
[09-Aug-2013 23:03:05 Europe/Warsaw] PHP   1. {main}() /Users/Dominik/www/domi-net/index.php:0
[09-Aug-2013 23:03:05 Europe/Warsaw] PHP   2. Pimcore::run() /Users/Dominik/www/domi-net/index.php:18
[09-Aug-2013 23:03:05 Europe/Warsaw] PHP   3. Zend_Controller_Front->dispatch() /Users/Dominik/www/domi-net/pimcore/lib/Pimcore.php:247
[09-Aug-2013 23:03:05 Europe/Warsaw] PHP   4. Zend_Controller_Dispatcher_Standard->dispatch() /Users/Dominik/www/domi-net/pimcore/lib/Zend/Controller/Front.php:954
[09-Aug-2013 23:03:05 Europe/Warsaw] PHP   5. Zend_Controller_Action->dispatch() /Users/Dominik/www/domi-net/pimcore/lib/Zend/Controller/Dispatcher/Standard.php:308
[09-Aug-2013 23:03:05 Europe/Warsaw] PHP   6. Piwik_SettingsController->getpiwiksitesAction() /Users/Dominik/www/domi-net/pimcore/lib/Zend/Controller/Action.php:516
[09-Aug-2013 23:03:05 Europe/Warsaw] PHP   7. Zend_Rest_Client->get() /Users/Dominik/www/domi-net/plugins/Piwik/controllers/SettingsController.php:35
[09-Aug-2013 23:03:05 Europe/Warsaw] PHP   8. Zend_Rest_Client->__call() /Users/Dominik/www/domi-net/plugins/Piwik/controllers/SettingsController.php:35
