AUTOCREATE
2013-08-09T22:50:43+02:00 : index|job-procedural|{"type":"files"}
2013-08-09T22:50:44+02:00 : index|job-procedural|{"type":"files"}
2013-08-09T22:50:44+02:00 : misc|ping|[]
2013-08-09T22:50:44+02:00 : index|job-procedural|{"type":"files"}
2013-08-09T22:50:45+02:00 : index|job-procedural|{"type":"files"}
2013-08-09T22:50:45+02:00 : index|job-procedural|{"type":"files"}
2013-08-09T22:50:46+02:00 : index|job-procedural|{"type":"files"}
2013-08-09T22:50:46+02:00 : index|job-procedural|{"type":"files"}
2013-08-09T22:50:47+02:00 : index|job-procedural|{"type":"files"}
2013-08-09T22:50:47+02:00 : index|job-procedural|{"type":"files"}
2013-08-09T22:50:48+02:00 : index|job-procedural|{"type":"files"}
2013-08-09T22:50:48+02:00 : index|job-procedural|{"type":"files"}
2013-08-09T22:50:49+02:00 : index|job-procedural|{"type":"files"}
2013-08-09T22:50:49+02:00 : index|job-procedural|{"type":"files"}
2013-08-09T22:50:50+02:00 : index|job-procedural|{"type":"files"}
2013-08-09T22:50:50+02:00 : index|job-procedural|{"type":"preupdate"}
2013-08-09T22:50:51+02:00 : index|job-procedural|{"type":"files"}
2013-08-09T22:50:51+02:00 : index|job-procedural|{"type":"postupdate"}
2013-08-09T22:50:52+02:00 : index|job-procedural|{"type":"files"}
2013-08-09T22:50:52+02:00 : index|job-procedural|{"type":"files"}
2013-08-09T22:50:53+02:00 : index|job-procedural|{"type":"preupdate"}
2013-08-09T22:50:53+02:00 : index|job-procedural|{"type":"files"}
2013-08-09T22:50:54+02:00 : index|job-procedural|{"type":"postupdate"}
2013-08-09T22:50:54+02:00 : index|job-procedural|{"type":"preupdate"}
2013-08-09T22:50:55+02:00 : index|job-procedural|{"type":"files"}
2013-08-09T22:50:55+02:00 : index|job-procedural|{"type":"postupdate"}
2013-08-09T22:50:56+02:00 : index|job-procedural|{"type":"files"}
2013-08-09T22:50:56+02:00 : index|job-procedural|{"type":"files"}
2013-08-09T22:50:57+02:00 : index|job-procedural|{"type":"preupdate"}
2013-08-09T22:50:57+02:00 : index|job-procedural|{"type":"files"}
2013-08-09T22:50:58+02:00 : index|job-procedural|{"type":"postupdate"}
2013-08-09T22:50:58+02:00 : index|job-procedural|{"type":"files"}
2013-08-09T22:50:59+02:00 : index|job-procedural|{"type":"preupdate"}
2013-08-09T22:50:59+02:00 : index|job-procedural|{"type":"files"}
2013-08-09T22:51:00+02:00 : index|job-procedural|{"type":"postupdate"}
2013-08-09T22:51:00+02:00 : index|job-procedural|{"type":"files"}
2013-08-09T22:51:01+02:00 : index|job-procedural|{"type":"files"}
2013-08-09T22:51:01+02:00 : index|job-procedural|{"type":"files"}
2013-08-09T22:51:02+02:00 : index|job-procedural|{"type":"files"}
2013-08-09T22:51:02+02:00 : index|job-procedural|{"type":"files"}
2013-08-09T22:51:03+02:00 : index|job-procedural|{"type":"files"}
2013-08-09T22:51:03+02:00 : index|job-procedural|{"type":"files"}
2013-08-09T22:51:04+02:00 : index|job-procedural|{"type":"files"}
2013-08-09T22:51:04+02:00 : index|job-procedural|{"type":"files"}
2013-08-09T22:51:05+02:00 : index|job-procedural|{"type":"files"}
2013-08-09T22:51:05+02:00 : index|job-procedural|{"type":"files"}
2013-08-09T22:51:06+02:00 : index|job-procedural|{"type":"files"}
2013-08-09T22:51:06+02:00 : index|job-procedural|{"type":"files"}
2013-08-09T22:51:07+02:00 : index|job-procedural|{"type":"files"}
2013-08-09T22:51:07+02:00 : index|job-procedural|{"type":"files"}
2013-08-09T22:51:08+02:00 : index|job-procedural|{"type":"preupdate"}
2013-08-09T22:51:08+02:00 : index|job-procedural|{"type":"files"}
2013-08-09T22:51:09+02:00 : index|job-procedural|{"type":"postupdate"}
2013-08-09T22:51:09+02:00 : index|job-procedural|{"type":"files"}
2013-08-09T22:51:10+02:00 : index|job-procedural|{"type":"files"}
2013-08-09T22:51:10+02:00 : index|job-procedural|{"type":"files"}
2013-08-09T22:51:11+02:00 : index|job-procedural|{"type":"files"}
2013-08-09T22:51:11+02:00 : index|job-procedural|{"type":"files"}
2013-08-09T22:51:12+02:00 : index|job-procedural|{"type":"files"}
2013-08-09T22:51:17+02:00 : index|job-procedural|{"type":"files"}
2013-08-09T22:51:17+02:00 : index|job-procedural|{"type":"files"}
2013-08-09T22:51:18+02:00 : index|job-procedural|{"type":"files"}
2013-08-09T22:51:18+02:00 : index|job-procedural|{"type":"files"}
2013-08-09T22:51:19+02:00 : index|job-procedural|{"type":"files"}
2013-08-09T22:51:19+02:00 : index|job-procedural|{"type":"files"}
2013-08-09T22:51:20+02:00 : index|job-procedural|{"type":"files"}
2013-08-09T22:51:21+02:00 : index|job-procedural|{"type":"files"}
2013-08-09T22:51:22+02:00 : index|job-procedural|{"type":"files"}
2013-08-09T22:51:23+02:00 : index|job-procedural|{"type":"files"}
2013-08-09T22:51:24+02:00 : index|job-procedural|{"type":"files"}
2013-08-09T22:51:25+02:00 : index|job-procedural|{"type":"files"}
2013-08-09T22:51:26+02:00 : index|job-procedural|{"type":"files"}
2013-08-09T22:51:27+02:00 : index|job-procedural|{"type":"files"}
2013-08-09T22:51:28+02:00 : index|job-procedural|{"type":"files"}
2013-08-09T22:51:29+02:00 : index|job-procedural|{"type":"files"}
2013-08-09T22:51:30+02:00 : index|job-procedural|{"type":"files"}
2013-08-09T22:51:31+02:00 : index|job-procedural|{"type":"files"}
2013-08-09T22:51:32+02:00 : index|job-procedural|{"type":"files"}
2013-08-09T22:51:32+02:00 : index|job-procedural|{"type":"files"}
2013-08-09T22:51:33+02:00 : index|job-procedural|{"type":"files"}
2013-08-09T22:51:33+02:00 : index|job-procedural|{"type":"files"}
2013-08-09T22:51:34+02:00 : index|job-procedural|{"type":"files"}
2013-08-09T22:51:34+02:00 : index|job-procedural|{"type":"files"}
2013-08-09T22:51:35+02:00 : index|job-procedural|{"type":"files"}
2013-08-09T22:51:35+02:00 : index|job-procedural|{"type":"files"}
2013-08-09T22:51:36+02:00 : index|job-procedural|{"type":"files"}
2013-08-09T22:51:36+02:00 : index|job-procedural|{"type":"files"}
2013-08-09T22:51:37+02:00 : index|job-procedural|{"type":"files"}
2013-08-09T22:51:37+02:00 : index|job-procedural|{"type":"files"}
2013-08-09T22:51:38+02:00 : index|job-procedural|{"type":"files"}
2013-08-09T22:51:38+02:00 : index|job-procedural|{"type":"files"}
2013-08-09T22:51:39+02:00 : index|job-procedural|{"type":"files"}
2013-08-09T22:51:39+02:00 : index|job-procedural|{"type":"files"}
2013-08-09T22:51:40+02:00 : index|job-procedural|{"type":"files"}
2013-08-09T22:51:40+02:00 : index|job-procedural|{"type":"files"}
2013-08-09T22:51:41+02:00 : index|job-procedural|{"type":"files"}
2013-08-09T22:51:41+02:00 : index|job-procedural|{"type":"files"}
2013-08-09T22:51:42+02:00 : index|job-procedural|{"type":"files"}
2013-08-09T22:51:42+02:00 : index|job-procedural|{"type":"files"}
2013-08-09T22:51:43+02:00 : index|job-procedural|{"type":"files"}
2013-08-09T22:51:43+02:00 : index|job-procedural|{"type":"files"}
2013-08-09T22:51:44+02:00 : index|job-procedural|{"type":"files"}
2013-08-09T22:51:44+02:00 : misc|ping|[]
2013-08-09T22:51:44+02:00 : index|job-procedural|{"type":"files"}
2013-08-09T22:51:45+02:00 : index|job-procedural|{"type":"files"}
2013-08-09T22:51:45+02:00 : index|job-procedural|{"type":"files"}
2013-08-09T22:51:46+02:00 : index|job-procedural|{"type":"files"}
2013-08-09T22:51:47+02:00 : index|job-procedural|{"type":"preupdate"}
2013-08-09T22:51:47+02:00 : index|job-procedural|{"type":"files"}
2013-08-09T22:51:48+02:00 : index|job-procedural|{"type":"postupdate"}
2013-08-09T22:51:48+02:00 : index|job-procedural|{"type":"files"}
2013-08-09T22:51:49+02:00 : index|job-procedural|{"type":"files"}
2013-08-09T22:51:49+02:00 : index|job-procedural|{"type":"files"}
2013-08-09T22:51:50+02:00 : index|job-procedural|{"type":"files"}
2013-08-09T22:51:50+02:00 : index|job-procedural|{"type":"files"}
2013-08-09T22:51:51+02:00 : index|job-procedural|{"type":"files"}
2013-08-09T22:51:51+02:00 : index|job-procedural|{"type":"files"}
2013-08-09T22:51:52+02:00 : 2|update|index|job-procedural|{"controller":"index","action":"job-procedural","module":"update","type":"files","revision":"2802"}
2013-08-09T22:51:52+02:00 : 2|update|index|job-procedural|{"controller":"index","action":"job-procedural","module":"update","type":"files","revision":"2803"}
2013-08-09T22:51:53+02:00 : 2|update|index|job-procedural|{"controller":"index","action":"job-procedural","module":"update","type":"files","revision":"2804"}
2013-08-09T22:51:53+02:00 : 2|update|index|job-procedural|{"controller":"index","action":"job-procedural","module":"update","type":"files","revision":"2805"}
2013-08-09T22:51:54+02:00 : 2|update|index|job-procedural|{"type":"files","revision":"2806"}
2013-08-09T22:51:54+02:00 : 2|update|index|job-procedural|{"type":"files","revision":"2807"}
2013-08-09T22:51:55+02:00 : 2|update|index|job-procedural|{"type":"preupdate","revision":"2808"}
2013-08-09T22:51:55+02:00 : 2|update|index|job-procedural|{"type":"files","revision":"2808"}
2013-08-09T22:51:56+02:00 : 2|update|index|job-procedural|{"type":"postupdate","revision":"2808"}
2013-08-09T22:51:56+02:00 : 2|update|index|job-procedural|{"type":"files","revision":"2809"}
2013-08-09T22:51:57+02:00 : 2|update|index|job-procedural|{"type":"files","revision":"2810"}
2013-08-09T22:51:57+02:00 : 2|update|index|job-procedural|{"type":"files","revision":"2811"}
2013-08-09T22:51:58+02:00 : 2|update|index|job-procedural|{"type":"files","revision":"2812"}
2013-08-09T22:51:58+02:00 : 2|update|index|job-procedural|{"type":"files","revision":"2813"}
2013-08-09T22:51:59+02:00 : 2|update|index|job-procedural|{"type":"files","revision":"2814"}
2013-08-09T22:51:59+02:00 : 2|update|index|job-procedural|{"type":"files","revision":"2815"}
2013-08-09T22:52:00+02:00 : 2|update|index|job-procedural|{"type":"files","revision":"2816"}
2013-08-09T22:52:00+02:00 : 2|update|index|job-procedural|{"type":"files","revision":"2817"}
2013-08-09T22:52:01+02:00 : 2|update|index|job-procedural|{"type":"files","revision":"2818"}
2013-08-09T22:52:01+02:00 : 2|update|index|job-procedural|{"type":"files","revision":"2819"}
2013-08-09T22:52:02+02:00 : 2|update|index|job-procedural|{"type":"files","revision":"2820"}
2013-08-09T22:52:02+02:00 : 2|update|index|job-procedural|{"type":"preupdate","revision":"2821"}
2013-08-09T22:52:03+02:00 : 2|update|index|job-procedural|{"type":"files","revision":"2821"}
2013-08-09T22:52:03+02:00 : 2|update|index|job-procedural|{"type":"postupdate","revision":"2821"}
2013-08-09T22:52:04+02:00 : 2|update|index|job-procedural|{"type":"files","revision":"2822"}
2013-08-09T22:52:04+02:00 : 2|update|index|job-procedural|{"type":"files","revision":"2823"}
2013-08-09T22:52:05+02:00 : 2|update|index|job-procedural|{"type":"preupdate","revision":"2824"}
2013-08-09T22:52:05+02:00 : 2|update|index|job-procedural|{"type":"files","revision":"2824"}
2013-08-09T22:52:06+02:00 : 2|update|index|job-procedural|{"type":"postupdate","revision":"2824"}
2013-08-09T22:52:06+02:00 : 2|update|index|job-procedural|{"type":"files","revision":"2825"}
2013-08-09T22:52:07+02:00 : 2|update|index|job-procedural|{"type":"files","revision":"2826"}
2013-08-09T22:52:07+02:00 : 2|update|index|job-procedural|{"type":"files","revision":"2827"}
2013-08-09T22:52:08+02:00 : 2|update|index|job-procedural|{"type":"files","revision":"2828"}
2013-08-09T22:52:08+02:00 : 2|update|index|job-procedural|{"type":"files","revision":"2829"}
2013-08-09T22:52:09+02:00 : 2|update|index|job-procedural|{"type":"files","revision":"2830"}
2013-08-09T22:52:10+02:00 : 2|update|index|job-procedural|{"type":"files","revision":"2831"}
2013-08-09T22:52:10+02:00 : 2|update|index|job-procedural|{"type":"files","revision":"2832"}
2013-08-09T22:52:11+02:00 : 2|update|index|job-procedural|{"type":"files","revision":"2833"}
2013-08-09T22:52:11+02:00 : 2|update|index|job-procedural|{"type":"files","revision":"2834"}
2013-08-09T22:52:12+02:00 : 2|update|index|job-procedural|{"type":"files","revision":"2835"}
2013-08-09T22:52:12+02:00 : 2|update|index|job-procedural|{"type":"files","revision":"2836"}
2013-08-09T22:52:13+02:00 : 2|update|index|job-procedural|{"type":"files","revision":"2837"}
2013-08-09T22:52:13+02:00 : 2|update|index|job-procedural|{"type":"files","revision":"2838"}
2013-08-09T22:52:14+02:00 : 2|update|index|job-procedural|{"type":"files","revision":"2839"}
2013-08-09T22:52:14+02:00 : 2|update|index|job-procedural|{"type":"files","revision":"2840"}
2013-08-09T22:52:15+02:00 : 2|update|index|job-procedural|{"type":"files","revision":"2841"}
2013-08-09T22:52:15+02:00 : 2|update|index|job-procedural|{"type":"files","revision":"2842"}
2013-08-09T22:52:16+02:00 : 2|update|index|job-procedural|{"type":"files","revision":"2843"}
2013-08-09T22:52:16+02:00 : 2|update|index|job-procedural|{"type":"files","revision":"2844"}
2013-08-09T22:52:17+02:00 : 2|update|index|job-procedural|{"type":"files","revision":"2845"}
2013-08-09T22:52:17+02:00 : 2|update|index|job-procedural|{"type":"files","revision":"2846"}
2013-08-09T22:52:18+02:00 : 2|update|index|job-procedural|{"type":"files","revision":"2847"}
2013-08-09T22:52:18+02:00 : 2|update|index|job-procedural|{"type":"files","revision":"2848"}
2013-08-09T22:52:19+02:00 : 2|update|index|job-procedural|{"type":"files","revision":"2849"}
2013-08-09T22:52:20+02:00 : 2|update|index|job-procedural|{"type":"files","revision":"2850"}
2013-08-09T22:52:20+02:00 : 2|update|index|job-procedural|{"type":"languages"}
2013-08-09T22:52:21+02:00 : 2|update|index|job-procedural|{"type":"clearcache"}
2013-08-09T22:52:21+02:00 : 2|update|index|job-procedural|{"type":"cleanup"}
2013-08-09T22:52:22+02:00 : 2|admin|misc|maintenance|{"deactivate":"true"}
2013-08-09T22:52:29+02:00 : 2|admin|index|index|[]
2013-08-09T22:52:29+02:00 : 2|admin|user|get-image|[]
2013-08-09T22:52:29+02:00 : 2|admin|misc|admin-css|[]
2013-08-09T22:52:29+02:00 : 2|admin|user|get-current-user|[]
2013-08-09T22:52:29+02:00 : 2|admin|misc|json-translations-system|{"language":"en"}
2013-08-09T22:52:29+02:00 : 2|admin|misc|json-translations-admin|{"language":"en"}
2013-08-09T22:52:29+02:00 : 2|admin|misc|available-languages|[]
2013-08-09T22:52:32+02:00 : 2|admin|settings|get-available-admin-languages|[]
2013-08-09T22:52:32+02:00 : 2|admin|class|get-tree|[]
2013-08-09T22:52:32+02:00 : 2|admin|settings|get-available-sites|[]
2013-08-09T22:52:32+02:00 : 2|admin|document|doc-types|{"xaction":"read"}
2013-08-09T22:52:32+02:00 : 2|reports|targeting|persona-list|[]
2013-08-09T22:52:32+02:00 : 2|admin|document|tree-get-root|{"id":"1"}
2013-08-09T22:52:33+02:00 : 2|admin|asset|tree-get-root|{"id":"1"}
2013-08-09T22:52:33+02:00 : 2|admin|object|tree-get-root|{"id":"1"}
2013-08-09T22:52:33+02:00 : 2|admin|portal|get-configuration|[]
2013-08-09T22:52:33+02:00 : 2|admin|document|tree-get-childs-by-id|{"limit":"50","start":"0","node":"1"}
2013-08-09T22:52:33+02:00 : 2|admin|asset|tree-get-childs-by-id|{"limit":"50","start":"0","node":"1"}
2013-08-09T22:52:33+02:00 : 2|admin|portal|portlet-modified-objects|[]
2013-08-09T22:52:33+02:00 : 2|admin|portal|portlet-modification-statistics|[]
2013-08-09T22:52:33+02:00 : 2|admin|portal|portlet-modified-assets|[]
2013-08-09T22:52:33+02:00 : 2|admin|portal|portlet-modified-documents|[]
2013-08-09T22:52:33+02:00 : 2|admin|object|tree-get-childs-by-id|{"limit":"30","start":"0","node":"1"}
2013-08-09T22:52:33+02:00 : 2|reports|sql|get-report-config|[]
2013-08-09T22:52:34+02:00 : 2|admin|page|get-data-by-id|{"id":"1"}
2013-08-09T22:52:34+02:00 : 2|admin|misc|json-translations-system|{"language":"en"}
2013-08-09T22:52:34+02:00 : 2|admin|misc|json-translations-admin|{"language":"en"}
2013-08-09T22:52:49+02:00 : 2|admin|settings|properties|{"limit":"20","filter":"","xaction":"read"}
2013-08-09T22:52:55+02:00 : 2|admin|settings|get-system|[]
2013-08-09T22:53:32+02:00 : 2|admin|misc|ping|[]
2013-08-09T22:53:55+02:00 : 2|admin|settings|set-system|{"data":"{\"general.timezone\":\"Europe\/Warsaw\",\"gen..."}
2013-08-09T22:54:03+02:00 : 2|admin|index|index|[]
2013-08-09T22:54:04+02:00 : 2|admin|misc|admin-css|[]
2013-08-09T22:54:04+02:00 : 2|admin|user|get-image|[]
2013-08-09T22:54:04+02:00 : 2|admin|misc|json-translations-system|{"language":"en"}
2013-08-09T22:54:04+02:00 : 2|admin|user|get-current-user|[]
2013-08-09T22:54:04+02:00 : 2|admin|misc|json-translations-admin|{"language":"en"}
2013-08-09T22:54:04+02:00 : 2|admin|misc|available-languages|[]
2013-08-09T22:54:04+02:00 : 2|admin|settings|get-available-admin-languages|[]
2013-08-09T22:54:05+02:00 : 2|admin|document|doc-types|{"xaction":"read"}
2013-08-09T22:54:05+02:00 : 2|admin|class|get-tree|[]
2013-08-09T22:54:05+02:00 : 2|admin|settings|get-available-sites|[]
2013-08-09T22:54:05+02:00 : 2|reports|targeting|persona-list|[]
2013-08-09T22:54:05+02:00 : 2|admin|document|tree-get-root|{"id":"1"}
2013-08-09T22:54:05+02:00 : 2|admin|asset|tree-get-root|{"id":"1"}
2013-08-09T22:54:05+02:00 : 2|admin|object|tree-get-root|{"id":"1"}
2013-08-09T22:54:05+02:00 : 2|admin|portal|get-configuration|[]
2013-08-09T22:54:05+02:00 : 2|admin|document|tree-get-childs-by-id|{"limit":"50","start":"0","node":"1"}
2013-08-09T22:54:05+02:00 : 2|admin|asset|tree-get-childs-by-id|{"limit":"50","start":"0","node":"1"}
2013-08-09T22:54:05+02:00 : 2|admin|portal|portlet-modification-statistics|[]
2013-08-09T22:54:05+02:00 : 2|admin|portal|portlet-modified-objects|[]
2013-08-09T22:54:05+02:00 : 2|admin|portal|portlet-modified-assets|[]
2013-08-09T22:54:05+02:00 : 2|admin|portal|portlet-modified-documents|[]
2013-08-09T22:54:05+02:00 : 2|admin|object|tree-get-childs-by-id|{"limit":"30","start":"0","node":"1"}
2013-08-09T22:54:05+02:00 : 2|reports|sql|get-report-config|[]
2013-08-09T22:54:06+02:00 : 2|admin|page|get-data-by-id|{"id":"1"}
2013-08-09T22:54:51+02:00 : 2|admin|misc|json-translations-admin|{"language":"en"}
2013-08-09T22:54:51+02:00 : 2|admin|misc|json-translations-system|{"language":"en"}
2013-08-09T22:55:04+02:00 : 2|admin|misc|ping|[]
2013-08-09T22:55:10+02:00 : 2|admin|settings|get-system|[]
2013-08-09T22:56:04+02:00 : 2|admin|misc|ping|[]
2013-08-09T22:56:23+02:00 : 2|admin|settings|set-system|{"data":"{\"general.timezone\":\"Europe\/Warsaw\",\"gen..."}
2013-08-09T22:57:04+02:00 : 2|admin|misc|ping|[]
2013-08-09T22:58:04+02:00 : 2|admin|misc|ping|[]
2013-08-09T22:59:04+02:00 : 2|admin|misc|ping|[]
2013-08-09T22:59:59+02:00 : 2|admin|settings|set-system|{"data":"{\"general.timezone\":\"Europe\/Warsaw\",\"gen..."}
2013-08-09T23:00:02+02:00 : 2|admin|index|index|[]
2013-08-09T23:00:02+02:00 : 2|admin|user|get-image|[]
2013-08-09T23:00:02+02:00 : 2|admin|misc|admin-css|[]
2013-08-09T23:00:02+02:00 : 2|admin|misc|json-translations-system|{"language":"en"}
2013-08-09T23:00:02+02:00 : 2|admin|user|get-current-user|[]
2013-08-09T23:00:02+02:00 : 2|admin|misc|available-languages|[]
2013-08-09T23:00:02+02:00 : 2|admin|misc|json-translations-admin|{"language":"en"}
2013-08-09T23:00:03+02:00 : 2|reports|targeting|persona-list|[]
2013-08-09T23:00:03+02:00 : 2|admin|document|doc-types|{"xaction":"read"}
2013-08-09T23:00:03+02:00 : 2|admin|class|get-tree|[]
2013-08-09T23:00:03+02:00 : 2|admin|settings|get-available-admin-languages|[]
2013-08-09T23:00:03+02:00 : 2|admin|settings|get-available-sites|[]
2013-08-09T23:00:03+02:00 : 2|admin|document|tree-get-root|{"id":"1"}
2013-08-09T23:00:03+02:00 : 2|admin|asset|tree-get-root|{"id":"1"}
2013-08-09T23:00:03+02:00 : 2|admin|object|tree-get-root|{"id":"1"}
2013-08-09T23:00:03+02:00 : 2|admin|portal|get-configuration|[]
2013-08-09T23:00:03+02:00 : 2|admin|document|tree-get-childs-by-id|{"limit":"50","start":"0","node":"1"}
2013-08-09T23:00:03+02:00 : 2|admin|object|tree-get-childs-by-id|{"limit":"30","start":"0","node":"1"}
2013-08-09T23:00:03+02:00 : 2|reports|sql|get-report-config|[]
2013-08-09T23:00:03+02:00 : 2|admin|asset|tree-get-childs-by-id|{"limit":"50","start":"0","node":"1"}
2013-08-09T23:00:03+02:00 : 2|admin|portal|portlet-modification-statistics|[]
2013-08-09T23:00:03+02:00 : 2|admin|portal|portlet-modified-assets|[]
2013-08-09T23:00:04+02:00 : 2|admin|portal|portlet-modified-objects|[]
2013-08-09T23:00:04+02:00 : 2|admin|portal|portlet-modified-documents|[]
2013-08-09T23:00:04+02:00 : 2|admin|page|get-data-by-id|{"id":"1"}
2013-08-09T23:00:05+02:00 : 2|admin|misc|json-translations-admin|{"language":"en"}
2013-08-09T23:00:05+02:00 : 2|admin|misc|json-translations-system|{"language":"en"}
2013-08-09T23:00:08+02:00 : 2|admin|settings|website-load|[]
2013-08-09T23:00:23+02:00 : 2|reports|settings|get|[]
2013-08-09T23:00:38+02:00 : 2|admin|settings|properties|{"limit":"20","filter":"","xaction":"read"}
2013-08-09T23:00:45+02:00 : 2|admin|settings|get-available-languages|[]
2013-08-09T23:00:45+02:00 : 2|admin|settings|glossary|{"limit":"20","filter":"","xaction":"read"}
2013-08-09T23:00:53+02:00 : 2|admin|settings|get-available-languages|[]
2013-08-09T23:00:53+02:00 : 2|admin|settings|translations|{"limit":"20","filter":"","xaction":"read"}
2013-08-09T23:01:03+02:00 : 2|admin|misc|liveconnect|{"token":"hG16kRnJlTMTVKV46g81xA00"}
2013-08-09T23:01:03+02:00 : 2|extensionmanager|download|get-extensions|[]
2013-08-09T23:01:03+02:00 : 2|admin|misc|ping|[]
2013-08-09T23:01:27+02:00 : 2|extensionmanager|download|get-download-information|{"id":"Piwik","type":"plugin"}
2013-08-09T23:01:29+02:00 : 2|extensionmanager|download|empty-extension-dir|{"id":"Piwik","type":"plugin"}
2013-08-09T23:01:29+02:00 : 2|extensionmanager|download|download-file|{"id":"Piwik","type":"plugin","path":"\/Piwik\/LICENSE.txt","revision":"15"}
2013-08-09T23:01:30+02:00 : 2|extensionmanager|download|download-file|{"id":"Piwik","type":"plugin","path":"\/Piwik\/TODO","revision":"15"}
2013-08-09T23:01:31+02:00 : 2|extensionmanager|download|download-file|{"id":"Piwik","type":"plugin","path":"\/Piwik\/controllers\/GraphController.php","revision":"15"}
2013-08-09T23:01:31+02:00 : 2|extensionmanager|download|download-file|{"id":"Piwik","type":"plugin","path":"\/Piwik\/controllers\/MetricsController.php","revision":"15"}
2013-08-09T23:01:32+02:00 : 2|extensionmanager|download|download-file|{"id":"Piwik","type":"plugin","path":"\/Piwik\/controllers\/SettingsController.ph...","revision":"15"}
2013-08-09T23:01:33+02:00 : 2|extensionmanager|download|download-file|{"id":"Piwik","type":"plugin","path":"\/Piwik\/README","revision":"15"}
2013-08-09T23:01:34+02:00 : 2|extensionmanager|download|download-file|{"id":"Piwik","type":"plugin","path":"\/Piwik\/lib\/Piwik\/Tool.php","revision":"15"}
2013-08-09T23:01:35+02:00 : 2|extensionmanager|download|download-file|{"id":"Piwik","type":"plugin","path":"\/Piwik\/plugin.xml","revision":"15"}
2013-08-09T23:01:35+02:00 : 2|extensionmanager|download|download-file|{"id":"Piwik","type":"plugin","path":"\/Piwik\/static\/css\/admin.css","revision":"15"}
2013-08-09T23:01:36+02:00 : 2|extensionmanager|download|download-file|{"id":"Piwik","type":"plugin","path":"\/Piwik\/static\/js\/Piwikplugin.js","revision":"15"}
2013-08-09T23:01:37+02:00 : 2|extensionmanager|download|download-file|{"id":"Piwik","type":"plugin","path":"\/Piwik\/lib\/Piwik\/Plugin.php","revision":"15"}
2013-08-09T23:01:38+02:00 : 2|extensionmanager|download|download-file|{"id":"Piwik","type":"plugin","path":"\/Piwik\/static\/js\/elementoverview.js","revision":"15"}
2013-08-09T23:01:38+02:00 : 2|extensionmanager|download|download-file|{"id":"Piwik","type":"plugin","path":"\/Piwik\/lib\/Piwik\/Outputfilter.php","revision":"15"}
2013-08-09T23:01:39+02:00 : 2|extensionmanager|download|download-file|{"id":"Piwik","type":"plugin","path":"\/Piwik\/static\/js\/portlets\/visitors.js","revision":"15"}
2013-08-09T23:01:40+02:00 : 2|extensionmanager|download|download-file|{"id":"Piwik","type":"plugin","path":"\/Piwik\/static\/js\/qrcodes\/item.js","revision":"15"}
2013-08-09T23:01:41+02:00 : 2|extensionmanager|download|download-file|{"id":"Piwik","type":"plugin","path":"\/Piwik\/static\/js\/qrcodes\/report.js","revision":"15"}
2013-08-09T23:01:42+02:00 : 2|extensionmanager|download|download-file|{"id":"Piwik","type":"plugin","path":"\/Piwik\/static\/js\/settings.js","revision":"15"}
2013-08-09T23:01:42+02:00 : 2|extensionmanager|download|download-file|{"id":"Piwik","type":"plugin","path":"\/Piwik\/config.xml","revision":"15"}
2013-08-09T23:01:43+02:00 : 2|extensionmanager|download|download-file|{"id":"Piwik","type":"plugin","path":"\/Piwik\/static\/img\/piwik-logo.png","revision":"15"}
2013-08-09T23:01:44+02:00 : 2|extensionmanager|download|download-file|{"id":"Piwik","type":"plugin","path":"\/Piwik\/static\/js\/portlets\/pages.js","revision":"15"}
2013-08-09T23:01:45+02:00 : 2|extensionmanager|download|download-file|{"id":"Piwik","type":"plugin","path":"\/Piwik\/views\/scripts\/admin\/settings.php","revision":"15"}
2013-08-09T23:01:45+02:00 : 2|extensionmanager|download|download-file|{"id":"Piwik","type":"plugin","path":"\/Piwik\/texts\/de.csv","revision":"15"}
2013-08-09T23:01:46+02:00 : 2|extensionmanager|download|download-file|{"id":"Piwik","type":"plugin","path":"\/Piwik\/views\/scripts\/graph\/widget.php","revision":"15"}
2013-08-09T23:01:52+02:00 : 2|extensionmanager|download|get-extensions|[]
2013-08-09T23:02:03+02:00 : 2|admin|misc|ping|[]
2013-08-09T23:02:04+02:00 : 2|extensionmanager|admin|get-extensions|[]
2013-08-09T23:02:07+02:00 : 2|extensionmanager|admin|toggle-extension-state|{"method":"enable","id":"Piwik","type":"plugin"}
2013-08-09T23:02:09+02:00 : 2|admin|index|index|[]
2013-08-09T23:02:09+02:00 : 2|admin|misc|admin-css|[]
2013-08-09T23:02:09+02:00 : 2|admin|user|get-image|[]
2013-08-09T23:02:09+02:00 : 2|admin|user|get-current-user|[]
2013-08-09T23:02:09+02:00 : 2|admin|misc|json-translations-system|{"language":"en"}
2013-08-09T23:02:09+02:00 : 2|admin|misc|available-languages|[]
2013-08-09T23:02:09+02:00 : 2|admin|misc|json-translations-admin|{"language":"en"}
2013-08-09T23:02:10+02:00 : 2|admin|document|doc-types|{"xaction":"read"}
2013-08-09T23:02:10+02:00 : 2|admin|class|get-tree|[]
2013-08-09T23:02:10+02:00 : 2|admin|settings|get-available-admin-languages|[]
2013-08-09T23:02:10+02:00 : 2|reports|targeting|persona-list|[]
2013-08-09T23:02:10+02:00 : 2|admin|settings|get-available-sites|[]
2013-08-09T23:02:10+02:00 : 2|admin|document|tree-get-root|{"id":"1"}
2013-08-09T23:02:10+02:00 : 2|admin|asset|tree-get-root|{"id":"1"}
2013-08-09T23:02:10+02:00 : 2|admin|object|tree-get-root|{"id":"1"}
2013-08-09T23:02:10+02:00 : 2|admin|portal|get-configuration|[]
2013-08-09T23:02:10+02:00 : 2|admin|document|tree-get-childs-by-id|{"limit":"50","start":"0","node":"1"}
2013-08-09T23:02:10+02:00 : 2|admin|asset|tree-get-childs-by-id|{"limit":"50","start":"0","node":"1"}
2013-08-09T23:02:10+02:00 : 2|admin|object|tree-get-childs-by-id|{"limit":"30","start":"0","node":"1"}
2013-08-09T23:02:10+02:00 : 2|reports|sql|get-report-config|[]
2013-08-09T23:02:10+02:00 : 2|admin|portal|portlet-modification-statistics|[]
2013-08-09T23:02:10+02:00 : 2|admin|portal|portlet-modified-assets|[]
2013-08-09T23:02:10+02:00 : 2|admin|portal|portlet-modified-objects|[]
2013-08-09T23:02:11+02:00 : 2|admin|portal|portlet-modified-documents|[]
2013-08-09T23:02:11+02:00 : 2|admin|page|get-data-by-id|{"id":"1"}
2013-08-09T23:02:12+02:00 : 2|admin|misc|json-translations-admin|{"language":"en"}
2013-08-09T23:02:12+02:00 : 2|admin|misc|json-translations-system|{"language":"en"}
2013-08-09T23:02:17+02:00 : 2|extensionmanager|admin|get-extensions|[]
2013-08-09T23:02:20+02:00 : 2|extensionmanager|admin|install|{"id":"Piwik","type":"plugin"}
2013-08-09T23:02:23+02:00 : 2|admin|index|index|[]
2013-08-09T23:02:24+02:00 : 2|admin|misc|admin-css|[]
2013-08-09T23:02:24+02:00 : 2|admin|user|get-image|[]
2013-08-09T23:02:24+02:00 : 2|admin|user|get-current-user|[]
2013-08-09T23:02:24+02:00 : 2|admin|misc|json-translations-admin|{"language":"en"}
2013-08-09T23:02:24+02:00 : 2|admin|misc|available-languages|[]
2013-08-09T23:02:24+02:00 : 2|admin|misc|json-translations-system|{"language":"en"}
2013-08-09T23:02:25+02:00 : 2|admin|document|doc-types|{"xaction":"read"}
2013-08-09T23:02:25+02:00 : 2|admin|class|get-tree|[]
2013-08-09T23:02:25+02:00 : 2|admin|settings|get-available-sites|[]
2013-08-09T23:02:25+02:00 : 2|reports|targeting|persona-list|[]
2013-08-09T23:02:25+02:00 : 2|admin|settings|get-available-admin-languages|[]
2013-08-09T23:02:25+02:00 : 2|admin|document|tree-get-root|{"id":"1"}
2013-08-09T23:02:25+02:00 : 2|admin|asset|tree-get-root|{"id":"1"}
2013-08-09T23:02:25+02:00 : 2|admin|object|tree-get-root|{"id":"1"}
2013-08-09T23:02:25+02:00 : 2|admin|portal|get-configuration|[]
2013-08-09T23:02:25+02:00 : 2|admin|document|tree-get-childs-by-id|{"limit":"50","start":"0","node":"1"}
2013-08-09T23:02:25+02:00 : 2|admin|asset|tree-get-childs-by-id|{"limit":"50","start":"0","node":"1"}
2013-08-09T23:02:25+02:00 : 2|admin|portal|portlet-modification-statistics|[]
2013-08-09T23:02:25+02:00 : 2|admin|portal|portlet-modified-assets|[]
2013-08-09T23:02:25+02:00 : 2|admin|portal|portlet-modified-objects|[]
2013-08-09T23:02:25+02:00 : 2|admin|portal|portlet-modified-documents|[]
2013-08-09T23:02:25+02:00 : 2|admin|object|tree-get-childs-by-id|{"limit":"30","start":"0","node":"1"}
2013-08-09T23:02:25+02:00 : 2|reports|sql|get-report-config|[]
2013-08-09T23:02:25+02:00 : 2|admin|settings|get-available-languages|[]
2013-08-09T23:02:26+02:00 : 2|admin|page|get-data-by-id|{"id":"1"}
2013-08-09T23:02:26+02:00 : 2|admin|misc|json-translations-system|{"language":"en"}
2013-08-09T23:02:26+02:00 : 2|admin|misc|json-translations-admin|{"language":"en"}
2013-08-09T23:02:31+02:00 : 2|extensionmanager|admin|get-extensions|[]
2013-08-09T23:02:38+02:00 : 2|extensionmanager|update|get-update-information|{"id":"Piwik","type":"plugin"}
2013-08-09T23:02:56+02:00 : 2|reports|settings|get|[]
2013-08-09T23:02:56+02:00 : 2|admin|settings|get-system|[]
2013-08-09T23:03:05+02:00 : 2|Piwik|settings|getpiwiksites|{"piwikurl":"","tokenauth":""}
2013-08-09T23:03:05+02:00 : 2|Piwik|settings|getpiwiksites|{"query":""}
2013-08-09T23:03:25+02:00 : 2|admin|misc|ping|[]
2013-08-09T23:03:26+02:00 : 2|update|index|get-languages|[]
2013-08-09T23:04:25+02:00 : 2|admin|misc|ping|[]
2013-08-09T23:05:25+02:00 : 2|admin|misc|ping|[]
2013-08-09T23:05:35+02:00 : 2|admin|misc|get-valid-filename|{"value":"pl"}
2013-08-09T23:05:35+02:00 : 2|admin|document|add|{"parentId":"1","index":"0","type":"page","docTypeId":"[object Object]","key":"pl"}
2013-08-09T23:05:35+02:00 : 2|admin|page|get-data-by-id|{"id":"2"}
2013-08-09T23:05:35+02:00 : 2|admin|document|tree-get-childs-by-id|{"limit":"50","start":"0","total":"0","node":"1"}
2013-08-09T23:05:35+02:00 : 2|admin|document|tree-get-childs-by-id|{"limit":"50","start":"0","total":"0","node":"2"}
2013-08-09T23:05:35+02:00 : 2|admin|misc|json-translations-system|{"language":"en"}
2013-08-09T23:05:35+02:00 : 2|admin|misc|json-translations-admin|{"language":"en"}
2013-08-09T23:06:14+02:00 : 2|admin|page|save|{"task":"publish","id":"2","data":"{\"myWysiwyg\":{\"data\":\"\",\"type\":\"wysiwyg\"..."}
2013-08-09T23:06:14+02:00 : 2|admin|document|get-versions|{"id":"2"}
2013-08-09T23:06:18+02:00 : 2|admin|page|save-to-session|{"id":"2","data":"{\"myWysiwyg\":{\"data\":\"\",\"type\":\"wysiwyg\"...","settings":"{\"css\":\"\"}"}
2013-08-09T23:06:25+02:00 : 2|admin|misc|ping|[]
2013-08-09T23:07:25+02:00 : 2|admin|misc|ping|[]
2013-08-09T23:08:25+02:00 : 2|admin|misc|ping|[]
2013-08-09T23:09:25+02:00 : 2|admin|misc|ping|[]
2013-08-09T23:10:25+02:00 : 2|admin|misc|ping|[]
2013-08-09T23:11:25+02:00 : 2|admin|misc|ping|[]
